<?xml version="1.0" encoding="UTF-8"?>
<testsuite xmlns:xsi="http://www.w3.org/2001/XMLSchema-instance" xsi:noNamespaceSchemaLocation="https://maven.apache.org/surefire/maven-surefire-plugin/xsd/surefire-test-report-3.0.xsd" version="3.0" name="org.example.runners.TestRunner" time="372.524" tests="19" errors="0" skipped="0" failures="4">
  <properties>
[...]
</properties>
  <testcase name="runScenario" classname="org.example.runners.TestRunner" time="35.311"/>
  <testcase name="runScenario" classname="org.example.runners.TestRunner" time="33.07">
    <failure message="no such element: Unable to locate element: {&quot;method&quot;:&quot;xpath&quot;,&quot;selector&quot;:&quot;//a[@href=&quot;/logout&quot;]&quot;}&#10;  (Session info: chrome=107.0.5304.88)&#10;For documentation on this error, please visit: https://selenium.dev/exceptions/#no_such_element&#10;Build info: version: &apos;4.6.0&apos;, revision: &apos;79f1c02ae20&apos;&#10;System info: os.name: &apos;Windows 10&apos;, os.arch: &apos;amd64&apos;, os.version: &apos;10.0&apos;, java.version: &apos;19.0.1&apos;&#10;Driver info: org.openqa.selenium.chrome.ChromeDriver&#10;Command: [d61b3425d133955e42cede157ccd6404, findElement {using=xpath, value=//a[@href=&quot;/logout&quot;]}]&#10;Capabilities {acceptInsecureCerts: false, browserName: chrome, browserVersion: 107.0.5304.88, chrome: {chromedriverVersion: 107.0.5304.62 (1eec40d3a576..., userDataDir: C:\Users\Toshiba\AppData\Lo...}, goog:chromeOptions: {debuggerAddress: localhost:52385}, networkConnectionEnabled: false, pageLoadStrategy: normal, platformName: WINDOWS, proxy: Proxy(), se:cdp: ws://localhost:52385/devtoo..., se:cdpVersion: 107.0.5304.88, setWindowRect: true, strictFileInteractability: false, timeouts: {implicit: 0, pageLoad: 300000, script: 30000}, unhandledPromptBehavior: dismiss and notify, webauthn:extension:credBlob: true, webauthn:extension:largeBlob: true, webauthn:virtualAuthenticators: true}&#10;Session ID: d61b3425d133955e42cede157ccd6404" type="org.openqa.selenium.NoSuchElementException"><![CDATA[org.openqa.selenium.NoSuchElementException: 
no such element: Unable to locate element: {"method":"xpath","selector":"//a[@href="/logout"]"}
  (Session info: chrome=107.0.5304.88)
For documentation on this error, please visit: https://selenium.dev/exceptions/#no_such_element
Build info: version: '4.6.0', revision: '79f1c02ae20'
System info: os.name: 'Windows 10', os.arch: 'amd64', os.version: '10.0', java.version: '19.0.1'
Driver info: org.openqa.selenium.chrome.ChromeDriver
Command: [d61b3425d133955e42cede157ccd6404, findElement {using=xpath, value=//a[@href="/logout"]}]
Capabilities {acceptInsecureCerts: false, browserName: chrome, browserVersion: 107.0.5304.88, chrome: {chromedriverVersion: 107.0.5304.62 (1eec40d3a576..., userDataDir: C:\Users\Toshiba\AppData\Lo...}, goog:chromeOptions: {debuggerAddress: localhost:52385}, networkConnectionEnabled: false, pageLoadStrategy: normal, platformName: WINDOWS, proxy: Proxy(), se:cdp: ws://localhost:52385/devtoo..., se:cdpVersion: 107.0.5304.88, setWindowRect: true, strictFileInteractability: false, timeouts: {implicit: 0, pageLoad: 300000, script: 30000}, unhandledPromptBehavior: dismiss and notify, webauthn:extension:credBlob: true, webauthn:extension:largeBlob: true, webauthn:virtualAuthenticators: true}
Session ID: d61b3425d133955e42cede157ccd6404
]]></failure>
    <system-out><![CDATA[
@smoke
Scenario: user could login with valid email and password &amp#27;[90m# src/main/resources/features/F02_Login.feature:4&amp#27;[0m
  &amp#27;[32mGiven &amp#27;[0m&amp#27;[32muser go to login page&amp#27;[0m                            &amp#27;[90m# org.example.stepDefinations.S02_loginStepDefinition.openLogin()&amp#27;[0m
  &amp#27;[32mWhen &amp#27;[0m&amp#27;[32muser enters valid email & password&amp#27;[0m                &amp#27;[90m# org.example.stepDefinations.S02_loginStepDefinition.userEntersValidEmailPassword()&amp#27;[0m
  &amp#27;[32mAnd &amp#27;[0m&amp#27;[32muser click on login button&amp#27;[0m                         &amp#27;[90m# org.example.stepDefinations.S02_loginStepDefinition.userClickOnLoginButton()&amp#27;[0m
  &amp#27;[31mThen &amp#27;[0m&amp#27;[31muser is logged in successfully&amp#27;[0m                    &amp#27;[90m# org.example.stepDefinations.S02_loginStepDefinition.userIsLoggedInSuccessfully()&amp#27;[0m
      &amp#27;[31morg.openqa.selenium.NoSuchElementException: no such element: Unable to locate element: {"method":"xpath","selector":"//a[@href="/logout"]"}
  (Session info: chrome=107.0.5304.88)
For documentation on this error, please visit: https://selenium.dev/exceptions/#no_such_element
Build info: version: '4.6.0', revision: '79f1c02ae20'
System info: os.name: 'Windows 10', os.arch: 'amd64', os.version: '10.0', java.version: '19.0.1'
Driver info: org.openqa.selenium.chrome.ChromeDriver
Command: [d61b3425d133955e42cede157ccd6404, findElement {using=xpath, value=//a[@href="/logout"]}]
Capabilities {acceptInsecureCerts: false, browserName: chrome, browserVersion: 107.0.5304.88, chrome: {chromedriverVersion: 107.0.5304.62 (1eec40d3a576..., userDataDir: C:\Users\Toshiba\AppData\Lo...}, goog:chromeOptions: {debuggerAddress: localhost:52385}, networkConnectionEnabled: false, pageLoadStrategy: normal, platformName: WINDOWS, proxy: Proxy(), se:cdp: ws://localhost:52385/devtoo..., se:cdpVersion: 107.0.5304.88, setWindowRect: true, strictFileInteractability: false, timeouts: {implicit: 0, pageLoad: 300000, script: 30000}, unhandledPromptBehavior: dismiss and notify, webauthn:extension:credBlob: true, webauthn:extension:largeBlob: true, webauthn:virtualAuthenticators: true}
Session ID: d61b3425d133955e42cede157ccd6404
	at java.base/jdk.internal.reflect.DirectConstructorHandleAccessor.newInstance(DirectConstructorHandleAccessor.java:67)
	at java.base/java.lang.reflect.Constructor.newInstanceWithCaller(Constructor.java:500)
	at java.base/java.lang.reflect.Constructor.newInstance(Constructor.java:484)
	at org.openqa.selenium.remote.codec.w3c.W3CHttpResponseCodec.createException(W3CHttpResponseCodec.java:200)
	at org.openqa.selenium.remote.codec.w3c.W3CHttpResponseCodec.decode(W3CHttpResponseCodec.java:133)
	at org.openqa.selenium.remote.codec.w3c.W3CHttpResponseCodec.decode(W3CHttpResponseCodec.java:53)
	at org.openqa.selenium.remote.HttpCommandExecutor.execute(HttpCommandExecutor.java:184)
	at org.openqa.selenium.remote.service.DriverCommandExecutor.invokeExecute(DriverCommandExecutor.java:167)
	at org.openqa.selenium.remote.service.DriverCommandExecutor.execute(DriverCommandExecutor.java:142)
	at org.openqa.selenium.remote.RemoteWebDriver.execute(RemoteWebDriver.java:541)
	at org.openqa.selenium.remote.ElementLocation$ElementFinder$2.findElement(ElementLocation.java:162)
	at org.openqa.selenium.remote.ElementLocation.findElement(ElementLocation.java:60)
	at org.openqa.selenium.remote.RemoteWebDriver.findElement(RemoteWebDriver.java:365)
	at org.openqa.selenium.remote.RemoteWebDriver.findElement(RemoteWebDriver.java:357)
	at org.example.pages.P02_Login_Page.LogOutIsEnabled(P02_Login_Page.java:39)
	at org.example.stepDefinations.S02_loginStepDefinition.userIsLoggedInSuccessfully(S02_loginStepDefinition.java:33)
	at ✽.user is logged in successfully(file:///D:/E-CommerceAutomationProject/src/main/resources/features/F02_Login.feature:8)
&amp#27;[0m
]]></system-out>
    <system-err><![CDATA[Starting ChromeDriver 107.0.5304.62 (1eec40d3a5764881c92085aaee66d25075c159aa-refs/branch-heads/5304@{#942}) on port 2110
Only local connections are allowed.
Please see https://chromedriver.chromium.org/security-considerations for suggestions on keeping ChromeDriver safe.
ChromeDriver was started successfully.
Nov 15, 2022 11:27:00 PM org.openqa.selenium.os.OsProcess destroy
SEVERE: Unable to kill process Process[pid=31504, exitValue=1]
]]></system-err>
  </testcase>
  <testcase name="runScenario" classname="org.example.runners.TestRunner" time="18.463"/>
  <testcase name="runScenario" classname="org.example.runners.TestRunner" time="17.674"/>
  <testcase name="runScenario" classname="org.example.runners.TestRunner" time="21.156"/>
  <testcase name="runScenario" classname="org.example.runners.TestRunner" time="14.912"/>
  <testcase name="runScenario" classname="org.example.runners.TestRunner" time="17.92"/>
  <testcase name="runScenario" classname="org.example.runners.TestRunner" time="13.416"/>
  <testcase name="runScenario" classname="org.example.runners.TestRunner" time="13.626"/>
  <testcase name="runScenario" classname="org.example.runners.TestRunner" time="16.731"/>
  <testcase name="runScenario" classname="org.example.runners.TestRunner" time="17.468"/>
  <testcase name="runScenario" classname="org.example.runners.TestRunner" time="12.745">
    <failure message="nokia page isn&apos;t opened after clicking on 1st slider expected [https://demo.nopcommerce.com/nokia-lumia-1020] but found [https://demo.nopcommerce.com/]" type="java.lang.AssertionError"><![CDATA[java.lang.AssertionError: nokia page isn't opened after clicking on 1st slider expected [https://demo.nopcommerce.com/nokia-lumia-1020] but found [https://demo.nopcommerce.com/]
]]></failure>
    <system-out><![CDATA[
@smoke
Scenario: when user clicks on product in first slider, product page is opened &amp#27;[90m# src/main/resources/features/F06_homeSliders.feature:5&amp#27;[0m
  &amp#27;[32mGiven &amp#27;[0m&amp#27;[32muser opens homepage and clicks on product in first slider&amp#27;[0m             &amp#27;[90m# org.example.stepDefinations.S06_homeSlidersStepDefinition.clickFisrtSlider()&amp#27;[0m
https://demo.nopcommerce.com/
  &amp#27;[31mThen &amp#27;[0m&amp#27;[31mthe page of the product will open ( NOKIA)&amp#27;[0m                             &amp#27;[90m# org.example.stepDefinations.S06_homeSlidersStepDefinition.thePageOfTheProductWillOpenNOKIA()&amp#27;[0m
      &amp#27;[31mjava.lang.AssertionError: nokia page isn't opened after clicking on 1st slider expected [https://demo.nopcommerce.com/nokia-lumia-1020] but found [https://demo.nopcommerce.com/]
	at org.testng.Assert.fail(Assert.java:110)
	at org.testng.Assert.failNotEquals(Assert.java:1413)
	at org.testng.Assert.assertEqualsImpl(Assert.java:149)
	at org.testng.Assert.assertEquals(Assert.java:131)
	at org.testng.Assert.assertEquals(Assert.java:655)
	at org.example.stepDefinations.S06_homeSlidersStepDefinition.thePageOfTheProductWillOpenNOKIA(S06_homeSlidersStepDefinition.java:20)
	at ✽.the page of the product will open ( NOKIA)(file:///D:/E-CommerceAutomationProject/src/main/resources/features/F06_homeSliders.feature:7)
&amp#27;[0m
]]></system-out>
    <system-err><![CDATA[Starting ChromeDriver 107.0.5304.62 (1eec40d3a5764881c92085aaee66d25075c159aa-refs/branch-heads/5304@{#942}) on port 25101
Only local connections are allowed.
Please see https://chromedriver.chromium.org/security-considerations for suggestions on keeping ChromeDriver safe.
ChromeDriver was started successfully.
]]></system-err>
  </testcase>
  <testcase name="runScenario" classname="org.example.runners.TestRunner" time="18.055">
    <failure message="iphone page isn&apos;t opened after clicking on 2nd slider expected [https://demo.nopcommerce.com/iphone] but found [https://demo.nopcommerce.com/]" type="java.lang.AssertionError"><![CDATA[java.lang.AssertionError: iphone page isn't opened after clicking on 2nd slider expected [https://demo.nopcommerce.com/iphone] but found [https://demo.nopcommerce.com/]
]]></failure>
    <system-out><![CDATA[
@smoke
Scenario: when user clicks on product in second slider, product page is opened &amp#27;[90m# src/main/resources/features/F06_homeSliders.feature:10&amp#27;[0m
  &amp#27;[32mGiven &amp#27;[0m&amp#27;[32muser opens homepage and clicks on product in second slider&amp#27;[0m             &amp#27;[90m# org.example.stepDefinations.S06_homeSlidersStepDefinition.userOpensHomepageAndClicksOnProductInSecondSlider()&amp#27;[0m
https://demo.nopcommerce.com/
  &amp#27;[31mThen &amp#27;[0m&amp#27;[31mthe page of the product will open (Iphone)&amp#27;[0m                              &amp#27;[90m# org.example.stepDefinations.S06_homeSlidersStepDefinition.thePageOfTheProductWillOpenIphone()&amp#27;[0m
      &amp#27;[31mjava.lang.AssertionError: iphone page isn't opened after clicking on 2nd slider expected [https://demo.nopcommerce.com/iphone] but found [https://demo.nopcommerce.com/]
	at org.testng.Assert.fail(Assert.java:110)
	at org.testng.Assert.failNotEquals(Assert.java:1413)
	at org.testng.Assert.assertEqualsImpl(Assert.java:149)
	at org.testng.Assert.assertEquals(Assert.java:131)
	at org.testng.Assert.assertEquals(Assert.java:655)
	at org.example.stepDefinations.S06_homeSlidersStepDefinition.thePageOfTheProductWillOpenIphone(S06_homeSlidersStepDefinition.java:32)
	at ✽.the page of the product will open (Iphone)(file:///D:/E-CommerceAutomationProject/src/main/resources/features/F06_homeSliders.feature:12)
&amp#27;[0m
]]></system-out>
    <system-err><![CDATA[Starting ChromeDriver 107.0.5304.62 (1eec40d3a5764881c92085aaee66d25075c159aa-refs/branch-heads/5304@{#942}) on port 13647
Only local connections are allowed.
Please see https://chromedriver.chromium.org/security-considerations for suggestions on keeping ChromeDriver safe.
ChromeDriver was started successfully.
]]></system-err>
  </testcase>
  <testcase name="runScenario" classname="org.example.runners.TestRunner" time="21.308"/>
  <testcase name="runScenario" classname="org.example.runners.TestRunner" time="16.449"/>
  <testcase name="runScenario" classname="org.example.runners.TestRunner" time="15.914">
    <failure message="Index 1 out of bounds for length 1" type="java.lang.IndexOutOfBoundsException"><![CDATA[java.lang.IndexOutOfBoundsException: Index 1 out of bounds for length 1
]]></failure>
    <system-out><![CDATA[
@smoke
Scenario: RSS icon in the follow us works correctly &amp#27;[90m# src/main/resources/features/F07_followUs.feature:16&amp#27;[0m
  &amp#27;[32mGiven &amp#27;[0m&amp#27;[32muser opens homepage and click on RSS icon&amp#27;[0m   &amp#27;[90m# org.example.stepDefinations.S07_followUsStepDefinition.userOpensHomepageAndClickOnRSSIcon()&amp#27;[0m
  &amp#27;[31mThen &amp#27;[0m&amp#27;[31muser is redirected to a new RSS icon&amp#27;[0m         &amp#27;[90m# org.example.stepDefinations.S07_followUsStepDefinition.userIsRedirectedToANewRSSIcon()&amp#27;[0m
      &amp#27;[31mjava.lang.IndexOutOfBoundsException: Index 1 out of bounds for length 1
	at java.base/jdk.internal.util.Preconditions.outOfBounds(Preconditions.java:100)
	at java.base/jdk.internal.util.Preconditions.outOfBoundsCheckIndex(Preconditions.java:106)
	at java.base/jdk.internal.util.Preconditions.checkIndex(Preconditions.java:302)
	at java.base/java.util.Objects.checkIndex(Objects.java:385)
	at java.base/java.util.ArrayList.get(ArrayList.java:427)
	at org.example.pages.P07_FollowUsPage.getWindowUrl(P07_FollowUsPage.java:22)
	at org.example.stepDefinations.S07_followUsStepDefinition.userIsRedirectedToANewRSSIcon(S07_followUsStepDefinition.java:46)
	at ✽.user is redirected to a new RSS icon(file:///D:/E-CommerceAutomationProject/src/main/resources/features/F07_followUs.feature:18)
&amp#27;[0m
]]></system-out>
    <system-err><![CDATA[Starting ChromeDriver 107.0.5304.62 (1eec40d3a5764881c92085aaee66d25075c159aa-refs/branch-heads/5304@{#942}) on port 28378
Only local connections are allowed.
Please see https://chromedriver.chromium.org/security-considerations for suggestions on keeping ChromeDriver safe.
ChromeDriver was started successfully.
]]></system-err>
  </testcase>
  <testcase name="runScenario" classname="org.example.runners.TestRunner" time="28.078"/>
  <testcase name="runScenario" classname="org.example.runners.TestRunner" time="18.072"/>
  <testcase name="runScenario" classname="org.example.runners.TestRunner" time="17.017"/>
</testsuite>