<?xml version="1.0" encoding="UTF-8" standalone="no"?>
<testsuite errors="0" failures="4" name="io.cucumber.core.plugin.JUnitFormatter" skipped="0" tests="19" time="367.718">
    <testcase classname="user should be register to application" name="user can register" time="34.957">
        <system-out><![CDATA[Given user open Register Link...............................................passed
When user enter personal data...............................................passed
And user click on Register button...........................................passed
Then a successfull message appear...........................................passed
]]></system-out>
    </testcase>
    <testcase classname="F02_Login | users could use login functionality to use their accounts" name="user could login with valid email and password" time="33.034">
        <failure message="no such element: Unable to locate element: {&quot;method&quot;:&quot;xpath&quot;,&quot;selector&quot;:&quot;//a[@href=&quot;/logout&quot;]&quot;}&#10;  (Session info: chrome=107.0.5304.88)&#10;For documentation on this error, please visit: https://selenium.dev/exceptions/#no_such_element&#10;Build info: version: '4.6.0', revision: '79f1c02ae20'&#10;System info: os.name: 'Windows 10', os.arch: 'amd64', os.version: '10.0', java.version: '19.0.1'&#10;Driver info: org.openqa.selenium.chrome.ChromeDriver&#10;Command: [d61b3425d133955e42cede157ccd6404, findElement {using=xpath, value=//a[@href=&quot;/logout&quot;]}]&#10;Capabilities {acceptInsecureCerts: false, browserName: chrome, browserVersion: 107.0.5304.88, chrome: {chromedriverVersion: 107.0.5304.62 (1eec40d3a576..., userDataDir: C:\Users\Toshiba\AppData\Lo...}, goog:chromeOptions: {debuggerAddress: localhost:52385}, networkConnectionEnabled: false, pageLoadStrategy: normal, platformName: WINDOWS, proxy: Proxy(), se:cdp: ws://localhost:52385/devtoo..., se:cdpVersion: 107.0.5304.88, setWindowRect: true, strictFileInteractability: false, timeouts: {implicit: 0, pageLoad: 300000, script: 30000}, unhandledPromptBehavior: dismiss and notify, webauthn:extension:credBlob: true, webauthn:extension:largeBlob: true, webauthn:virtualAuthenticators: true}&#10;Session ID: d61b3425d133955e42cede157ccd6404" type="org.openqa.selenium.NoSuchElementException"><![CDATA[Given user go to login page.................................................passed
When user enters valid email & password.....................................passed
And user click on login button..............................................passed
Then user is logged in successfully.........................................failed

StackTrace:
org.openqa.selenium.NoSuchElementException: no such element: Unable to locate element: {"method":"xpath","selector":"//a[@href="/logout"]"}
  (Session info: chrome=107.0.5304.88)
For documentation on this error, please visit: https://selenium.dev/exceptions/#no_such_element
Build info: version: '4.6.0', revision: '79f1c02ae20'
System info: os.name: 'Windows 10', os.arch: 'amd64', os.version: '10.0', java.version: '19.0.1'
Driver info: org.openqa.selenium.chrome.ChromeDriver
Command: [d61b3425d133955e42cede157ccd6404, findElement {using=xpath, value=//a[@href="/logout"]}]
Capabilities {acceptInsecureCerts: false, browserName: chrome, browserVersion: 107.0.5304.88, chrome: {chromedriverVersion: 107.0.5304.62 (1eec40d3a576..., userDataDir: C:\Users\Toshiba\AppData\Lo...}, goog:chromeOptions: {debuggerAddress: localhost:52385}, networkConnectionEnabled: false, pageLoadStrategy: normal, platformName: WINDOWS, proxy: Proxy(), se:cdp: ws://localhost:52385/devtoo..., se:cdpVersion: 107.0.5304.88, setWindowRect: true, strictFileInteractability: false, timeouts: {implicit: 0, pageLoad: 300000, script: 30000}, unhandledPromptBehavior: dismiss and notify, webauthn:extension:credBlob: true, webauthn:extension:largeBlob: true, webauthn:virtualAuthenticators: true}
Session ID: d61b3425d133955e42cede157ccd6404
	at java.base/jdk.internal.reflect.DirectConstructorHandleAccessor.newInstance(DirectConstructorHandleAccessor.java:67)
	at java.base/java.lang.reflect.Constructor.newInstanceWithCaller(Constructor.java:500)
	at java.base/java.lang.reflect.Constructor.newInstance(Constructor.java:484)
	at org.openqa.selenium.remote.codec.w3c.W3CHttpResponseCodec.createException(W3CHttpResponseCodec.java:200)
	at org.openqa.selenium.remote.codec.w3c.W3CHttpResponseCodec.decode(W3CHttpResponseCodec.java:133)
	at org.openqa.selenium.remote.codec.w3c.W3CHttpResponseCodec.decode(W3CHttpResponseCodec.java:53)
	at org.openqa.selenium.remote.HttpCommandExecutor.execute(HttpCommandExecutor.java:184)
	at org.openqa.selenium.remote.service.DriverCommandExecutor.invokeExecute(DriverCommandExecutor.java:167)
	at org.openqa.selenium.remote.service.DriverCommandExecutor.execute(DriverCommandExecutor.java:142)
	at org.openqa.selenium.remote.RemoteWebDriver.execute(RemoteWebDriver.java:541)
	at org.openqa.selenium.remote.ElementLocation$ElementFinder$2.findElement(ElementLocation.java:162)
	at org.openqa.selenium.remote.ElementLocation.findElement(ElementLocation.java:60)
	at org.openqa.selenium.remote.RemoteWebDriver.findElement(RemoteWebDriver.java:365)
	at org.openqa.selenium.remote.RemoteWebDriver.findElement(RemoteWebDriver.java:357)
	at org.example.pages.P02_Login_Page.LogOutIsEnabled(P02_Login_Page.java:39)
	at org.example.stepDefinations.S02_loginStepDefinition.userIsLoggedInSuccessfully(S02_loginStepDefinition.java:33)
	at ✽.user is logged in successfully(file:///D:/E-CommerceAutomationProject/src/main/resources/features/F02_Login.feature:8)
]]></failure>
    </testcase>
    <testcase classname="F02_Login | users could use login functionality to use their accounts" name="user could login with invalid email and password" time="18.445">
        <system-out><![CDATA[Given user go to login page.................................................passed
When user enters invalid email & password...................................passed
And user click on login button..............................................passed
Then user could not login to the system.....................................passed
]]></system-out>
    </testcase>
    <testcase classname="F03_Currency of the product is set as choosen" name="when user choose EURO, all prices should appear in Euro." time="17.653">
        <system-out><![CDATA[Given user choose Euro currency from homepage...............................passed
Then product price should appear in Euro....................................passed
]]></system-out>
    </testcase>
    <testcase classname="user can search with either product or Serial Number." name="user can search with product" time="21.104">
        <system-out><![CDATA[Given user write the "Book" in the search bar in homepage...................passed
When user clicks on search button...........................................passed
Then the "Book" name should contain the name in the search..................passed
]]></system-out>
    </testcase>
    <testcase classname="user can search with either product or Serial Number." name="user can search with product 2" time="14.895">
        <system-out><![CDATA[Given user write the "Laptop" in the search bar in homepage.................passed
When user clicks on search button...........................................passed
Then the "Laptop" name should contain the name in the search................passed
]]></system-out>
    </testcase>
    <testcase classname="user can search with either product or Serial Number." name="user can search with product 3" time="17.9">
        <system-out><![CDATA[Given user write the "Nike" in the search bar in homepage...................passed
When user clicks on search button...........................................passed
Then the "Nike" name should contain the name in the search..................passed
]]></system-out>
    </testcase>
    <testcase classname="user can search with either product or Serial Number." name="user could search for product using sku" time="13.401">
        <system-out><![CDATA[Given user write the "SCI_FAITH" in the search bar in homepage..............passed
When user clicks on search button...........................................passed
Then the product appear should contain the "SCI_FAITH"......................passed
]]></system-out>
    </testcase>
    <testcase classname="user can search with either product or Serial Number." name="user could search for product using sku 2" time="13.613">
        <system-out><![CDATA[Given user write the "APPLE_CAM" in the search bar in homepage..............passed
When user clicks on search button...........................................passed
Then the product appear should contain the "APPLE_CAM"......................passed
]]></system-out>
    </testcase>
    <testcase classname="user can search with either product or Serial Number." name="user could search for product using sku 3" time="16.716">
        <system-out><![CDATA[Given user write the "SF_PRO_11" in the search bar in homepage..............passed
When user clicks on search button...........................................passed
Then the product appear should contain the "SF_PRO_11"......................passed
]]></system-out>
    </testcase>
    <testcase classname="user can hover and select randomly any subCategories" name="user can select any main category" time="17.437">
        <system-out><![CDATA[Given user open homePage and hover on main category.........................passed
When user select a subCategory..............................................passed
Then subCategory should open successfully...................................passed
]]></system-out>
    </testcase>
    <testcase classname="user can click on the product in the home slider" name="when user clicks on product in first slider, product page is opened" time="12.732">
        <failure message="nokia page isn't opened after clicking on 1st slider expected [https://demo.nopcommerce.com/nokia-lumia-1020] but found [https://demo.nopcommerce.com/]" type="java.lang.AssertionError"><![CDATA[Given user opens homepage and clicks on product in first slider.............passed
Then the page of the product will open ( NOKIA).............................failed

StackTrace:
java.lang.AssertionError: nokia page isn't opened after clicking on 1st slider expected [https://demo.nopcommerce.com/nokia-lumia-1020] but found [https://demo.nopcommerce.com/]
	at org.testng.Assert.fail(Assert.java:110)
	at org.testng.Assert.failNotEquals(Assert.java:1413)
	at org.testng.Assert.assertEqualsImpl(Assert.java:149)
	at org.testng.Assert.assertEquals(Assert.java:131)
	at org.testng.Assert.assertEquals(Assert.java:655)
	at org.example.stepDefinations.S06_homeSlidersStepDefinition.thePageOfTheProductWillOpenNOKIA(S06_homeSlidersStepDefinition.java:20)
	at ✽.the page of the product will open ( NOKIA)(file:///D:/E-CommerceAutomationProject/src/main/resources/features/F06_homeSliders.feature:7)
]]></failure>
    </testcase>
    <testcase classname="user can click on the product in the home slider" name="when user clicks on product in second slider, product page is opened" time="18.042">
        <failure message="iphone page isn't opened after clicking on 2nd slider expected [https://demo.nopcommerce.com/iphone] but found [https://demo.nopcommerce.com/]" type="java.lang.AssertionError"><![CDATA[Given user opens homepage and clicks on product in second slider............passed
Then the page of the product will open (Iphone).............................failed

StackTrace:
java.lang.AssertionError: iphone page isn't opened after clicking on 2nd slider expected [https://demo.nopcommerce.com/iphone] but found [https://demo.nopcommerce.com/]
	at org.testng.Assert.fail(Assert.java:110)
	at org.testng.Assert.failNotEquals(Assert.java:1413)
	at org.testng.Assert.assertEqualsImpl(Assert.java:149)
	at org.testng.Assert.assertEquals(Assert.java:131)
	at org.testng.Assert.assertEquals(Assert.java:655)
	at org.example.stepDefinations.S06_homeSlidersStepDefinition.thePageOfTheProductWillOpenIphone(S06_homeSlidersStepDefinition.java:32)
	at ✽.the page of the product will open (Iphone)(file:///D:/E-CommerceAutomationProject/src/main/resources/features/F06_homeSliders.feature:12)
]]></failure>
    </testcase>
    <testcase classname="User can open FaceBook, Twitter, Rss &amp; Youtube from follow Us" name="Facebook icon in the follow us works correctly" time="21.293">
        <system-out><![CDATA[Given user opens homepage and click on Facebook icon........................passed
Then user is redirected to a new Facebook icon..............................passed
]]></system-out>
    </testcase>
    <testcase classname="User can open FaceBook, Twitter, Rss &amp; Youtube from follow Us" name="Twitter icon in the follow us works correctly" time="16.439">
        <system-out><![CDATA[Given user opens homepage and click on Twitter icon.........................passed
Then user is redirected to a new Twitter icon...............................passed
]]></system-out>
    </testcase>
    <testcase classname="User can open FaceBook, Twitter, Rss &amp; Youtube from follow Us" name="RSS icon in the follow us works correctly" time="15.891">
        <failure message="Index 1 out of bounds for length 1" type="java.lang.IndexOutOfBoundsException"><![CDATA[Given user opens homepage and click on RSS icon.............................passed
Then user is redirected to a new RSS icon...................................failed

StackTrace:
java.lang.IndexOutOfBoundsException: Index 1 out of bounds for length 1
	at java.base/jdk.internal.util.Preconditions.outOfBounds(Preconditions.java:100)
	at java.base/jdk.internal.util.Preconditions.outOfBoundsCheckIndex(Preconditions.java:106)
	at java.base/jdk.internal.util.Preconditions.checkIndex(Preconditions.java:302)
	at java.base/java.util.Objects.checkIndex(Objects.java:385)
	at java.base/java.util.ArrayList.get(ArrayList.java:427)
	at org.example.pages.P07_FollowUsPage.getWindowUrl(P07_FollowUsPage.java:22)
	at org.example.stepDefinations.S07_followUsStepDefinition.userIsRedirectedToANewRSSIcon(S07_followUsStepDefinition.java:46)
	at ✽.user is redirected to a new RSS icon(file:///D:/E-CommerceAutomationProject/src/main/resources/features/F07_followUs.feature:18)
]]></failure>
    </testcase>
    <testcase classname="User can open FaceBook, Twitter, Rss &amp; Youtube from follow Us" name="Youtube icon in the follow us works correctly" time="28.068">
        <system-out><![CDATA[Given user opens homepage and click on Youtube icon.........................passed
Then user is redirected to a new Youtube icon...............................passed
]]></system-out>
    </testcase>
    <testcase classname="user can save products in wishList" name="product is added to wishlist after user clicks on wishlist icon." time="18.062">
        <system-out><![CDATA[Given user open homePage and clicks on htc wish icon........................passed
Then product is added to the wishlist.......................................passed
]]></system-out>
    </testcase>
    <testcase classname="user can save products in wishList" name="check that number of products in wishList is more than 0 after clicking on wish icon ." time="17.003">
        <system-out><![CDATA[Given user open homePage and clicks on htc wish icon........................passed
Then product is added to the wishlist and and number of products is more than 0..passed
]]></system-out>
    </testcase>
</testsuite>
